<?xml version="1.0" encoding="UTF-8"?>
<!-- Generated by org.testng.reporters.JUnitReportReporter -->
<testsuite hostname="DESKTOP-VBUQ9Q4" failures="0" tests="1" name="Testng.Testngdemo" time="0.011" errors="0" timestamp="2023-06-16T20:47:15 IST" skipped="0">
  <testcase classname="Testng.Testngdemo" name="test" time="0.011"/>
</testsuite> <!-- Testng.Testngdemo -->
